Tensorflow/app/build/outputs/logs/manifest-merger-debug-report.txt
-- Merging decision tree log ---
manifest
ADDED from src\main\AndroidManifest.xml:2:1-26:12
INJECTED from src\main\AndroidManifest.xml:2:1-26:12
INJECTED from src\main\AndroidManifest.xml:2:1-26:12
INJECTED from src\main\AndroidManifest.xml:2:1-26:12
MERGED from [com.wonderkiln:camerakit:0.13.1] AndroidManifest.xml:2:1-27:12
MERGED from [com.android.support:appcompat-v7:27.1.0] AndroidManifest.xml:17:1-22:12
MERGED from [org.tensorflow:tensorflow-lite:2.0.0] AndroidManifest.xml:2:1-10:12
MERGED from [com.android.support.constraint:constraint-layout:1.1.3] AndroidManifest.xml:2:1-11:12
MERGED from [com.android.support:exifinterface:27.0.2] AndroidManifest.xml:17:1-22:12
MERGED from [com.android.support:support-fragment:27.1.0] AndroidManifest.xml:17:1-22:12
MERGED from [com.android.support:animated-vector-drawable:27.1.0] AndroidManifest.xml:17:1-22:12
MERGED from [com.android.support:support-core-ui:27.1.0] AndroidManifest.xml:17:1-22:12
MERGED from [com.android.support:support-core-utils:27.1.0] AndroidManifest.xml:17:1-22:12
MERGED from [com.android.support:support-vector-drawable:27.1.0] AndroidManifest.xml:17:1-22:12
MERGED from [com.android.support:support-compat:27.1.0] AndroidManifest.xml:17:1-22:12
MERGED from [android.arch.lifecycle:livedata-core:1.1.0] AndroidManifest.xml:17:1-22:12
MERGED from [android.arch.lifecycle:viewmodel:1.1.0] AndroidManifest.xml:17:1-22:12
MERGED from [android.arch.lifecycle:runtime:1.1.0] AndroidManifest.xml:17:1-22:12
MERGED from [android.arch.core:runtime:1.1.0] AndroidManifest.xml:17:1-22:12
INJECTED from src\main\AndroidManifest.xml:2:1-26:12
INJECTED from src\main\AndroidManifest.xml:2:1-26:12
INJECTED from src\main\AndroidManifest.xml:2:1-26:12
	package
		ADDED from src\main\AndroidManifest.xml:3:5-37
		INJECTED from src\main\AndroidManifest.xml
		INJECTED from src\main\AndroidManifest.xml
	android:versionName
		INJECTED from src\main\AndroidManifest.xml
		ADDED from src\main\AndroidManifest.xml:2:1-26:12
		INJECTED from src\main\AndroidManifest.xml
	android:versionCode
		INJECTED from src\main\AndroidManifest.xml
		ADDED from src\main\AndroidManifest.xml:2:1-26:12
		INJECTED from src\main\AndroidManifest.xml
	xmlns:android
		ADDED from src\main\AndroidManifest.xml:2:11-69
application
ADDED from src\main\AndroidManifest.xml:5:5-22:19
MERGED from [com.wonderkiln:camerakit:0.13.1] AndroidManifest.xml:25:5-20
MERGED from [com.wonderkiln:camerakit:0.13.1] AndroidManifest.xml:25:5-20
MERGED from [org.tensorflow:tensorflow-lite:2.0.0] AndroidManifest.xml:8:5-20
MERGED from [org.tensorflow:tensorflow-lite:2.0.0] AndroidManifest.xml:8:5-20
MERGED from [com.android.support.constraint:constraint-layout:1.1.3] AndroidManifest.xml:9:5-20
MERGED from [com.android.support.constraint:constraint-layout:1.1.3] AndroidManifest.xml:9:5-20
	android:supportsRtl
		ADDED from src\main\AndroidManifest.xml:11:9-35
	android:label
		ADDED from src\main\AndroidManifest.xml:9:9-41
	android:roundIcon
		ADDED from src\main\AndroidManifest.xml:10:9-42
	android:icon
		ADDED from src\main\AndroidManifest.xml:8:9-37
	android:allowBackup
		ADDED from src\main\AndroidManifest.xml:7:9-35
	android:theme
		ADDED from src\main\AndroidManifest.xml:12:9-40
	android:networkSecurityConfig
		ADDED from src\main\AndroidManifest.xml:6:9-69
activity#com.amitshekhar.tflite.TelaSeta
ADDED from src\main\AndroidManifest.xml:13:9-55
	android:name
		ADDED from src\main\AndroidManifest.xml:13:19-43
activity#com.amitshekhar.tflite.NovaMain
ADDED from src\main\AndroidManifest.xml:14:9-20:20
	android:name
		ADDED from src\main\AndroidManifest.xml:14:19-43
intent-filter#android.intent.action.MAIN+android.intent.category.LAUNCHER
ADDED from src\main\AndroidManifest.xml:15:13-19:29
action#android.intent.action.MAIN
ADDED from src\main\AndroidManifest.xml:16:17-69
	android:name
		ADDED from src\main\AndroidManifest.xml:16:25-66
category#android.intent.category.LAUNCHER
ADDED from src\main\AndroidManifest.xml:18:17-77
	android:name
		ADDED from src\main\AndroidManifest.xml:18:27-74
activity#com.amitshekhar.tflite.MainActivity
ADDED from src\main\AndroidManifest.xml:21:9-59
	android:name
		ADDED from src\main\AndroidManifest.xml:21:19-47
uses-permission#android.permission.INTERNET
ADDED from src\main\AndroidManifest.xml:24:5-83
	android:name
		ADDED from src\main\AndroidManifest.xml:24:22-64
uses-sdk
INJECTED from src\main\AndroidManifest.xml reason: use-sdk injection requested
INJECTED from src\main\AndroidManifest.xml
INJECTED from src\main\AndroidManifest.xml
MERGED from [com.wonderkiln:camerakit:0.13.1] AndroidManifest.xml:6:5-8:41
MERGED from [com.wonderkiln:camerakit:0.13.1] AndroidManifest.xml:6:5-8:41
MERGED from [com.android.support:appcompat-v7:27.1.0] AndroidManifest.xml:20:5-44
MERGED from [com.android.support:appcompat-v7:27.1.0] AndroidManifest.xml:20:5-44
MERGED from [org.tensorflow:tensorflow-lite:2.0.0] AndroidManifest.xml:5:5-6:41
MERGED from [org.tensorflow:tensorflow-lite:2.0.0] AndroidManifest.xml:5:5-6:41
MERGED from [com.android.support.constraint:constraint-layout:1.1.3] AndroidManifest.xml:5:5-7:41
MERGED from [com.android.support.constraint:constraint-layout:1.1.3] AndroidManifest.xml:5:5-7:41
MERGED from [com.android.support:exifinterface:27.0.2] AndroidManifest.xml:20:5-44
MERGED from [com.android.support:exifinterface:27.0.2] AndroidManifest.xml:20:5-44
MERGED from [com.android.support:support-fragment:27.1.0] AndroidManifest.xml:20:5-44
MERGED from [com.android.support:support-fragment:27.1.0] AndroidManifest.xml:20:5-44
MERGED from [com.android.support:animated-vector-drawable:27.1.0] AndroidManifest.xml:20:5-44
MERGED from [com.android.support:animated-vector-drawable:27.1.0] AndroidManifest.xml:20:5-44
MERGED from [com.android.support:support-core-ui:27.1.0] AndroidManifest.xml:20:5-44
MERGED from [com.android.support:support-core-ui:27.1.0] AndroidManifest.xml:20:5-44
MERGED from [com.android.support:support-core-utils:27.1.0] AndroidManifest.xml:20:5-44
MERGED from [com.android.support:support-core-utils:27.1.0] AndroidManifest.xml:20:5-44
MERGED from [com.android.support:support-vector-drawable:27.1.0] AndroidManifest.xml:20:5-44
MERGED from [com.android.support:support-vector-drawable:27.1.0] AndroidManifest.xml:20:5-44
MERGED from [com.android.support:support-compat:27.1.0] AndroidManifest.xml:20:5-44
MERGED from [com.android.support:support-compat:27.1.0] AndroidManifest.xml:20:5-44
MERGED from [android.arch.lifecycle:livedata-core:1.1.0] AndroidManifest.xml:20:5-44
MERGED from [android.arch.lifecycle:livedata-core:1.1.0] AndroidManifest.xml:20:5-44
MERGED from [android.arch.lifecycle:viewmodel:1.1.0] AndroidManifest.xml:20:5-44
MERGED from [android.arch.lifecycle:viewmodel:1.1.0] AndroidManifest.xml:20:5-44
MERGED from [android.arch.lifecycle:runtime:1.1.0] AndroidManifest.xml:20:5-44
MERGED from [android.arch.lifecycle:runtime:1.1.0] AndroidManifest.xml:20:5-44
MERGED from [android.arch.core:runtime:1.1.0] AndroidManifest.xml:20:5-44
MERGED from [android.arch.core:runtime:1.1.0] AndroidManifest.xml:20:5-44
INJECTED from src\main\AndroidManifest.xml
INJECTED from src\main\AndroidManifest.xml
	android:targetSdkVersion
		INJECTED from src\main\AndroidManifest.xml
		ADDED from src\main\AndroidManifest.xml
		INJECTED from src\main\AndroidManifest.xml
	android:minSdkVersion
		INJECTED from src\main\AndroidManifest.xml
		ADDED from src\main\AndroidManifest.xml
		MERGED from src\main\AndroidManifest.xml
		INJECTED from src\main\AndroidManifest.xml
uses-permission#android.permission.WRITE_EXTERNAL_STORAGE
ADDED from [com.wonderkiln:camerakit:0.13.1] AndroidManifest.xml:10:5-81
	android:name
		ADDED from [com.wonderkiln:camerakit:0.13.1] AndroidManifest.xml:10:22-78
uses-permission#android.permission.CAMERA
ADDED from [com.wonderkiln:camerakit:0.13.1] AndroidManifest.xml:11:5-65
	android:name
		ADDED from [com.wonderkiln:camerakit:0.13.1] AndroidManifest.xml:11:22-62
uses-permission#android.permission.RECORD_AUDIO
ADDED from [com.wonderkiln:camerakit:0.13.1] AndroidManifest.xml:12:5-71
	android:name
		ADDED from [com.wonderkiln:camerakit:0.13.1] AndroidManifest.xml:12:22-68
uses-feature#android.hardware.camera
ADDED from [com.wonderkiln:camerakit:0.13.1] AndroidManifest.xml:14:5-60
	android:name
		ADDED from [com.wonderkiln:camerakit:0.13.1] AndroidManifest.xml:14:19-57
uses-feature#android.hardware.camera.autofocus
ADDED from [com.wonderkiln:camerakit:0.13.1] AndroidManifest.xml:15:5-17:36
	android:required
		ADDED from [com.wonderkiln:camerakit:0.13.1] AndroidManifest.xml:17:9-33
	android:name
		ADDED from [com.wonderkiln:camerakit:0.13.1] AndroidManifest.xml:16:9-57
uses-feature#android.hardware.camera.front
ADDED from [com.wonderkiln:camerakit:0.13.1] AndroidManifest.xml:18:5-20:36
	android:required
		ADDED from [com.wonderkiln:camerakit:0.13.1] AndroidManifest.xml:20:9-33
	android:name
		ADDED from [com.wonderkiln:camerakit:0.13.1] AndroidManifest.xml:19:9-53
uses-feature#android.hardware.microphone
ADDED from [com.wonderkiln:camerakit:0.13.1] AndroidManifest.xml:21:5-23:36
	android:required
		ADDED from [com.wonderkiln:camerakit:0.13.1] AndroidManifest.xml:23:9-33
	android:name
		ADDED from [com.wonderkiln:camerakit:0.13.1] AndroidManifest.xml:22:9-51